\BOOKMARK [1][-]{section.1}{Introduction}{}% 1
\BOOKMARK [2][-]{subsection.1.1}{Difference multisets}{section.1}% 2
\BOOKMARK [2][-]{subsection.1.2}{Synopsis}{section.1}% 3
\BOOKMARK [1][-]{section.2}{Definitions, notation and statement of the problem}{}% 4
\BOOKMARK [2][-]{subsection.2.1}{The mathematical apparatus}{section.2}% 5
\BOOKMARK [2][-]{subsection.2.2}{Digressions}{section.2}% 6
\BOOKMARK [1][-]{section.3}{Results}{}% 7
\BOOKMARK [2][-]{subsection.3.1}{Limits for multiplicities}{section.3}% 8
\BOOKMARK [2][-]{subsection.3.2}{A family of difference multisets for every abelian group}{section.3}% 9
\BOOKMARK [2][-]{subsection.3.3}{Difference multisets for cyclic groups}{section.3}% 10
\BOOKMARK [2][-]{subsection.3.4}{Difference multisets over Z2i}{section.3}% 11
\BOOKMARK [3][-]{subsubsection.3.4.1}{Construction}{subsection.3.4}% 12
\BOOKMARK [3][-]{subsubsection.3.4.2}{A few examples}{subsection.3.4}% 13
\BOOKMARK [3][-]{subsubsection.3.4.3}{Proof}{subsection.3.4}% 14
\BOOKMARK [3][-]{subsubsection.3.4.4}{Analysis}{subsection.3.4}% 15
\BOOKMARK [2][-]{subsection.3.5}{Difference multisets over the three element group}{section.3}% 16
\BOOKMARK [2][-]{subsection.3.6}{Estimating numbers}{section.3}% 17
\BOOKMARK [1][-]{section.4}{Generalizations}{}% 18
\BOOKMARK [2][-]{subsection.4.1}{Results}{section.4}% 19
\BOOKMARK [2][-]{subsection.4.2}{Other quasigroups of size 3}{section.4}% 20
\BOOKMARK [1][-]{section.5}{Conclusions}{}% 21
